#
# A fatal error has been detected by the Java Runtime Environment:
#
#  EXCEPTION_ACCESS_VIOLATION (0xc0000005) at pc=0x6ff472b7, pid=7932, tid=3424
#
# JRE version: 7.0_06-b24
# Java VM: Java HotSpot(TM) Client VM (23.2-b09 mixed mode, sharing windows-x86 )
# Problematic frame:
# C  [GOOGLEPINYIN2.IME+0xa72b7]  ImeGetRegisterWordStyle+0x84647
#
# Failed to write core dump. Minidumps are not enabled by default on client versions of Windows
#
# If you would like to submit a bug report, please visit:
#   http://bugreport.sun.com/bugreport/crash.jsp
# The crash happened outside the Java Virtual Machine in native code.
# See problematic frame for where to report the bug.
#

---------------  T H R E A D  ---------------

Current thread (0x0425f000):  JavaThread "AWT-Windows" daemon [_thread_in_native, id=3424, stack(0x045e0000,0x04630000)]

siginfo: ExceptionCode=0xc0000005, reading address 0x00000004

Registers:
EAX=0x092f3e00, EBX=0x048de228, ECX=0x00000000, EDX=0x00000002
ESP=0x0462eff8, EBP=0x0462f030, ESI=0x092f3e00, EDI=0x00000002
EIP=0x6ff472b7, EFLAGS=0x00010246

Top of Stack: (sp=0x0462eff8)
0x0462eff8:   00000001 6ff44aba 00160cb4 092f3e00
0x0462f008:   00000111 00000002 00160cb4 6ff45062
0x0462f018:   092f3e00 0462f030 0462f0ac 00000111
0x0462f028:   0462f05c 00000000 00000000 75ebc4e7
0x0462f038:   00160cb4 00000111 00000002 00160cb4
0x0462f048:   00000111 dcbaabcd 00000000 0462f0ac
0x0462f058:   00000111 0462f0d4 75ebc5e7 6ff45010
0x0462f068:   00160cb4 00000111 00000002 00160cb4 

Instructions: (pc=0x6ff472b7)
0x6ff47297:   d8 83 e8 01 83 c4 0c c3 83 c8 ff 83 c4 0c c3 cc
0x6ff472a7:   cc cc cc cc cc cc cc cc cc 53 8b 58 04 8b 4b 50
0x6ff472b7:   8b 49 04 56 57 52 e8 ae 9b ff ff 85 c0 74 29 8b
0x6ff472c7:   70 1c 85 f6 74 22 83 78 18 10 72 05 8b 40 04 eb 


Register to memory mapping:

EAX=0x092f3e00 is an unknown value
EBX=0x048de228 is an unknown value
ECX=0x00000000 is an unknown value
EDX=0x00000002 is an unknown value
ESP=0x0462eff8 is pointing into the stack for thread: 0x0425f000
EBP=0x0462f030 is pointing into the stack for thread: 0x0425f000
ESI=0x092f3e00 is an unknown value
EDI=0x00000002 is an unknown value


Stack: [0x045e0000,0x04630000],  sp=0x0462eff8,  free space=315k
Native frames: (J=compiled Java code, j=interpreted, Vv=VM code, C=native code)
C  [GOOGLEPINYIN2.IME+0xa72b7]  ImeGetRegisterWordStyle+0x84647

Java frames: (J=compiled Java code, j=interpreted, Vv=VM code)
j  sun.awt.windows.WToolkit.eventLoop()V+0
j  sun.awt.windows.WToolkit.run()V+49
j  java.lang.Thread.run()V+11
v  ~StubRoutines::call_stub

---------------  P R O C E S S  ---------------

Java Threads: ( => current thread )
  0x01b0c400 JavaThread "Thread-0" daemon [_thread_in_native, id=4872, stack(0x0b250000,0x0b2a0000)]
  0x051e0000 JavaThread "TimerQueue" daemon [_thread_blocked, id=4556, stack(0x0b1c0000,0x0b210000)]
  0x04258000 JavaThread "AWT-EventQueue-0" [_thread_blocked, id=2340, stack(0x04960000,0x049b0000)]
=>0x0425f000 JavaThread "AWT-Windows" daemon [_thread_in_native, id=3424, stack(0x045e0000,0x04630000)]
  0x0425e400 JavaThread "AWT-Shutdown" [_thread_blocked, id=6620, stack(0x04550000,0x045a0000)]
  0x0425b800 JavaThread "Java2D Disposer" daemon [_thread_in_native, id=6396, stack(0x044c0000,0x04510000)]
  0x01b34400 JavaThread "Service Thread" daemon [_thread_blocked, id=6752, stack(0x04190000,0x041e0000)]
  0x01b2ec00 JavaThread "C1 CompilerThread0" daemon [_thread_blocked, id=5392, stack(0x04140000,0x04190000)]
  0x01b2d800 JavaThread "Attach Listener" daemon [_thread_blocked, id=4280, stack(0x03e50000,0x03ea0000)]
  0x01b2a400 JavaThread "Signal Dispatcher" daemon [_thread_blocked, id=3452, stack(0x03d60000,0x03db0000)]
  0x01b09400 JavaThread "Finalizer" daemon [_thread_in_native, id=7620, stack(0x03fd0000,0x04020000)]
  0x01b04800 JavaThread "Reference Handler" daemon [_thread_blocked, id=8036, stack(0x03ef0000,0x03f40000)]
  0x01c4b400 JavaThread "main" [_thread_in_Java, id=7480, stack(0x01120000,0x01170000)]

Other Threads:
  0x01b02c00 VMThread [stack: 0x03dc0000,0x03e10000] [id=4436]
  0x01b5f800 WatcherThread [stack: 0x04420000,0x04470000] [id=4336]

VM state:not at safepoint (normal execution)

VM Mutex/Monitor currently owned by a thread: None

Heap
 def new generation   total 4928K, used 647K [0x236f0000, 0x23c40000, 0x28c40000)
  eden space 4416K,   3% used [0x236f0000, 0x23711ee0, 0x23b40000)
  from space 512K, 100% used [0x23bc0000, 0x23c40000, 0x23c40000)
  to   space 512K,   0% used [0x23b40000, 0x23b40000, 0x23bc0000)
 tenured generation   total 10944K, used 4805K [0x28c40000, 0x296f0000, 0x336f0000)
   the space 10944K,  43% used [0x28c40000, 0x290f1650, 0x290f1800, 0x296f0000)
 compacting perm gen  total 12288K, used 4347K [0x336f0000, 0x342f0000, 0x376f0000)
   the space 12288K,  35% used [0x336f0000, 0x33b2ef90, 0x33b2f000, 0x342f0000)
    ro space 10240K,  42% used [0x376f0000, 0x37b2f4a0, 0x37b2f600, 0x380f0000)
    rw space 12288K,  54% used [0x380f0000, 0x3876fc80, 0x3876fe00, 0x38cf0000)

Card table byte_map: [0x03c50000,0x03d00000] byte_map_base: 0x03b34880

Polling page: 0x00260000

Code Cache  [0x01c50000, 0x01db0000, 0x03c50000)
 total_blobs=803 nmethods=563 adapters=174 free_code_cache=31375Kb largest_free_block=32128384

Compilation events (10 events):
Event: 53.193 Thread 0x01b2ec00 nmethod 530 0x01d97788 code [0x01d978d0, 0x01d97d70]
Event: 53.208 Thread 0x01b2ec00  531             java.awt.event.ComponentEvent::<init> (7 bytes)
Event: 53.209 Thread 0x01b2ec00 nmethod 531 0x01d981c8 code [0x01d982c0, 0x01d9835c]
Event: 53.473 Thread 0x01b2ec00  532             java.awt.event.InputEvent::<init> (26 bytes)
Event: 53.473 Thread 0x01b2ec00 nmethod 532 0x01d983c8 code [0x01d984d0, 0x01d985a8]
Event: 53.473 Thread 0x01b2ec00  533   !         java.awt.event.InputEvent::canAccessSystemClipboard (54 bytes)
Event: 53.474 Thread 0x01b2ec00 nmethod 533 0x01d98648 code [0x01d98780, 0x01d98974]
Event: 53.876 Thread 0x01b2ec00  534             java.net.URI$Parser::charAt (9 bytes)
Event: 53.877 Thread 0x01b2ec00 nmethod 534 0x01d98bc8 code [0x01d98ce0, 0x01d98e1c]
Event: 53.881 Thread 0x01b2ec00  535             java.util.Properties::loadConvert (505 bytes)

GC Heap History (8 events):
Event: 0.280 GC heap before
{Heap before GC invocations=0 (full 0):
 def new generation   total 4928K, used 3918K [0x236f0000, 0x23c40000, 0x28c40000)
  eden space 4416K,  88% used [0x236f0000, 0x23ac3a78, 0x23b40000)
  from space 512K,   0% used [0x23b40000, 0x23b40000, 0x23bc0000)
  to   space 512K,   0% used [0x23bc0000, 0x23bc0000, 0x23c40000)
 tenured generation   total 10944K, used 0K [0x28c40000, 0x296f0000, 0x336f0000)
   the space 10944K,   0% used [0x28c40000, 0x28c40000, 0x28c40200, 0x296f0000)
 compacting perm gen  total 12288K, used 1014K [0x336f0000, 0x342f0000, 0x376f0000)
   the space 12288K,   8% used [0x336f0000, 0x337ed978, 0x337eda00, 0x342f0000)
    ro space 10240K,  42% used [0x376f0000, 0x37b2f4a0, 0x37b2f600, 0x380f0000)
    rw space 12288K,  54% used [0x380f0000, 0x3876fc80, 0x3876fe00, 0x38cf0000)
Event: 0.285 GC heap after
Heap after GC invocations=1 (full 0):
 def new generation   total 4928K, used 512K [0x236f0000, 0x23c40000, 0x28c40000)
  eden space 4416K,   0% used [0x236f0000, 0x236f0000, 0x23b40000)
  from space 512K, 100% used [0x23bc0000, 0x23c40000, 0x23c40000)
  to   space 512K,   0% used [0x23b40000, 0x23b40000, 0x23bc0000)
 tenured generation   total 10944K, used 668K [0x28c40000, 0x296f0000, 0x336f0000)
   the space 10944K,   6% used [0x28c40000, 0x28ce71a0, 0x28ce7200, 0x296f0000)
 compacting perm gen  total 12288K, used 1014K [0x336f0000, 0x342f0000, 0x376f0000)
   the space 12288K,   8% used [0x336f0000, 0x337ed978, 0x337eda00, 0x342f0000)
    ro space 10240K,  42% used [0x376f0000, 0x37b2f4a0, 0x37b2f600, 0x380f0000)
    rw space 12288K,  54% used [0x380f0000, 0x3876fc80, 0x3876fe00, 0x38cf0000)
}
Event: 0.556 GC heap before
{Heap before GC invocations=1 (full 0):
 def new generation   total 4928K, used 4293K [0x236f0000, 0x23c40000, 0x28c40000)
  eden space 4416K,  85% used [0x236f0000, 0x23aa1538, 0x23b40000)
  from space 512K, 100% used [0x23bc0000, 0x23c40000, 0x23c40000)
  to   space 512K,   0% used [0x23b40000, 0x23b40000, 0x23bc0000)
 tenured generation   total 10944K, used 668K [0x28c40000, 0x296f0000, 0x336f0000)
   the space 10944K,   6% used [0x28c40000, 0x28ce71a0, 0x28ce7200, 0x296f0000)
 compacting perm gen  total 12288K, used 1857K [0x336f0000, 0x342f0000, 0x376f0000)
   the space 12288K,  15% used [0x336f0000, 0x338c07f0, 0x338c0800, 0x342f0000)
    ro space 10240K,  42% used [0x376f0000, 0x37b2f4a0, 0x37b2f600, 0x380f0000)
    rw space 12288K,  54% used [0x380f0000, 0x3876fc80, 0x3876fe00, 0x38cf0000)
Event: 0.562 GC heap after
Heap after GC invocations=2 (full 0):
 def new generation   total 4928K, used 512K [0x236f0000, 0x23c40000, 0x28c40000)
  eden space 4416K,   0% used [0x236f0000, 0x236f0000, 0x23b40000)
  from space 512K, 100% used [0x23b40000, 0x23bc0000, 0x23bc0000)
  to   space 512K,   0% used [0x23bc0000, 0x23bc0000, 0x23c40000)
 tenured generation   total 10944K, used 1501K [0x28c40000, 0x296f0000, 0x336f0000)
   the space 10944K,  13% used [0x28c40000, 0x28db7460, 0x28db7600, 0x296f0000)
 compacting perm gen  total 12288K, used 1857K [0x336f0000, 0x342f0000, 0x376f0000)
   the space 12288K,  15% used [0x336f0000, 0x338c07f0, 0x338c0800, 0x342f0000)
    ro space 10240K,  42% used [0x376f0000, 0x37b2f4a0, 0x37b2f600, 0x380f0000)
    rw space 12288K,  54% used [0x380f0000, 0x3876fc80, 0x3876fe00, 0x38cf0000)
}
Event: 0.932 GC heap before
{Heap before GC invocations=2 (full 0):
 def new generation   total 4928K, used 4924K [0x236f0000, 0x23c40000, 0x28c40000)
  eden space 4416K,  99% used [0x236f0000, 0x23b3f0e0, 0x23b40000)
  from space 512K, 100% used [0x23b40000, 0x23bc0000, 0x23bc0000)
  to   space 512K,   0% used [0x23bc0000, 0x23bc0000, 0x23c40000)
 tenured generation   total 10944K, used 1501K [0x28c40000, 0x296f0000, 0x336f0000)
   the space 10944K,  13% used [0x28c40000, 0x28db7460, 0x28db7600, 0x296f0000)
 compacting perm gen  total 12288K, used 2672K [0x336f0000, 0x342f0000, 0x376f0000)
   the space 12288K,  21% used [0x336f0000, 0x3398c390, 0x3398c400, 0x342f0000)
    ro space 10240K,  42% used [0x376f0000, 0x37b2f4a0, 0x37b2f600, 0x380f0000)
    rw space 12288K,  54% used [0x380f0000, 0x3876fc80, 0x3876fe00, 0x38cf0000)
Event: 0.938 GC heap after
Heap after GC invocations=3 (full 0):
 def new generation   total 4928K, used 512K [0x236f0000, 0x23c40000, 0x28c40000)
  eden space 4416K,   0% used [0x236f0000, 0x236f0000, 0x23b40000)
  from space 512K, 100% used [0x23bc0000, 0x23c40000, 0x23c40000)
  to   space 512K,   0% used [0x23b40000, 0x23b40000, 0x23bc0000)
 tenured generation   total 10944K, used 3227K [0x28c40000, 0x296f0000, 0x336f0000)
   the space 10944K,  29% used [0x28c40000, 0x28f66d08, 0x28f66e00, 0x296f0000)
 compacting perm gen  total 12288K, used 2672K [0x336f0000, 0x342f0000, 0x376f0000)
   the space 12288K,  21% used [0x336f0000, 0x3398c390, 0x3398c400, 0x342f0000)
    ro space 10240K,  42% used [0x376f0000, 0x37b2f4a0, 0x37b2f600, 0x380f0000)
    rw space 12288K,  54% used [0x380f0000, 0x3876fc80, 0x3876fe00, 0x38cf0000)
}
Event: 3.226 GC heap before
{Heap before GC invocations=3 (full 0):
 def new generation   total 4928K, used 4928K [0x236f0000, 0x23c40000, 0x28c40000)
  eden space 4416K, 100% used [0x236f0000, 0x23b40000, 0x23b40000)
  from space 512K, 100% used [0x23bc0000, 0x23c40000, 0x23c40000)
  to   space 512K,   0% used [0x23b40000, 0x23b40000, 0x23bc0000)
 tenured generation   total 10944K, used 3227K [0x28c40000, 0x296f0000, 0x336f0000)
   the space 10944K,  29% used [0x28c40000, 0x28f66d08, 0x28f66e00, 0x296f0000)
 compacting perm gen  total 12288K, used 4115K [0x336f0000, 0x342f0000, 0x376f0000)
   the space 12288K,  33% used [0x336f0000, 0x33af4d70, 0x33af4e00, 0x342f0000)
    ro space 10240K,  42% used [0x376f0000, 0x37b2f4a0, 0x37b2f600, 0x380f0000)
    rw space 12288K,  54% used [0x380f0000, 0x3876fc80, 0x3876fe00, 0x38cf0000)
Event: 3.236 GC heap after
Heap after GC invocations=4 (full 0):
 def new generation   total 4928K, used 512K [0x236f0000, 0x23c40000, 0x28c40000)
  eden space 4416K,   0% used [0x236f0000, 0x236f0000, 0x23b40000)
  from space 512K, 100% used [0x23b40000, 0x23bc0000, 0x23bc0000)
  to   space 512K,   0% used [0x23bc0000, 0x23bc0000, 0x23c40000)
 tenured generation   total 10944K, used 4155K [0x28c40000, 0x296f0000, 0x336f0000)
   the space 10944K,  37% used [0x28c40000, 0x2904ecb0, 0x2904ee00, 0x296f0000)
 compacting perm gen  total 12288K, used 4115K [0x336f0000, 0x342f0000, 0x376f0000)
   the space 12288K,  33% used [0x336f0000, 0x33af4d70, 0x33af4e00, 0x342f0000)
    ro space 10240K,  42% used [0x376f0000, 0x37b2f4a0, 0x37b2f600, 0x380f0000)
    rw space 12288K,  54% used [0x380f0000, 0x3876fc80, 0x3876fe00, 0x38cf0000)
}

Deoptimization events (0 events):
No events

Internal exceptions (10 events):
Event: 17.411 Thread 0x04258000 Threw 0x2377e070 at C:\jdk7u2_32P\jdk7u6\hotspot\src\share\vm\prims\jvm.cpp:1166
Event: 17.412 Thread 0x04258000 Threw 0x23783e70 at C:\jdk7u2_32P\jdk7u6\hotspot\src\share\vm\prims\jvm.cpp:1166
Event: 53.873 Thread 0x01c4b400 Threw 0x238e4850 at C:\jdk7u2_32P\jdk7u6\hotspot\src\share\vm\prims\jvm.cpp:1166
Event: 53.876 Thread 0x01c4b400 Threw 0x238e89e8 at C:\jdk7u2_32P\jdk7u6\hotspot\src\share\vm\interpreter\linkResolver.cpp:805
Event: 53.876 Thread 0x01c4b400 Threw 0x238e9d88 at C:\jdk7u2_32P\jdk7u6\hotspot\src\share\vm\interpreter\linkResolver.cpp:805
Event: 53.877 Thread 0x01c4b400 Threw 0x238eb0a8 at C:\jdk7u2_32P\jdk7u6\hotspot\src\share\vm\interpreter\linkResolver.cpp:805
Event: 53.877 Thread 0x01c4b400 Threw 0x238ef228 at C:\jdk7u2_32P\jdk7u6\hotspot\src\share\vm\prims\jvm.cpp:1166
Event: 53.878 Thread 0x01c4b400 Threw 0x238f1ce8 at C:\jdk7u2_32P\jdk7u6\hotspot\src\share\vm\prims\jvm.cpp:1166
Event: 53.884 Thread 0x01c4b400 Threw 0x23911438 at C:\jdk7u2_32P\jdk7u6\hotspot\src\share\vm\prims\jvm.cpp:1166
Event: 53.885 Thread 0x01c4b400 Threw 0x23916dd0 at C:\jdk7u2_32P\jdk7u6\hotspot\src\share\vm\prims\jvm.cpp:1166

Events (10 events):
Event: 53.879 loading class 0x38e34560 done
Event: 53.879 loading class 0x041fd738
Event: 53.879 loading class 0x041fd738 done
Event: 53.884 loading class 0x05203c20
Event: 53.884 loading class 0x05203c20 done
Event: 53.885 Thread 0x01b0c400 Thread added: 0x01b0c400
Event: 53.885 Thread 0x01b0ec00 Thread added: 0x01b0ec00
Event: 53.885 Thread 0x01b0f400 Thread added: 0x01b0f400
Event: 53.885 loading class 0x05217a98
Event: 53.885 loading class 0x05217a98 done


Dynamic libraries:
0x011e0000 - 0x0120f000 	C:\Windows\system32\java.exe
0x77540000 - 0x7767c000 	C:\Windows\SYSTEM32\ntdll.dll
0x77460000 - 0x77534000 	C:\Windows\system32\kernel32.dll
0x757e0000 - 0x7582b000 	C:\Windows\system32\KERNELBASE.dll
0x75cb0000 - 0x75d50000 	C:\Windows\system32\ADVAPI32.dll
0x77250000 - 0x772fc000 	C:\Windows\system32\msvcrt.dll
0x75e80000 - 0x75e99000 	C:\Windows\SYSTEM32\sechost.dll
0x77300000 - 0x773a1000 	C:\Windows\system32\RPCRT4.dll
0x75ea0000 - 0x75f69000 	C:\Windows\system32\USER32.dll
0x773b0000 - 0x773fe000 	C:\Windows\system32\GDI32.dll
0x77240000 - 0x7724a000 	C:\Windows\system32\LPK.dll
0x75f70000 - 0x7600d000 	C:\Windows\system32\USP10.dll
0x74530000 - 0x746ce000 	C:\Windows\WinSxS\x86_microsoft.windows.common-controls_6595b64144ccf1df_6.0.7601.17514_none_41e6975e2bd6f2b2\COMCTL32.dll
0x77400000 - 0x77457000 	C:\Windows\system32\SHLWAPI.dll
0x77680000 - 0x7769f000 	C:\Windows\system32\IMM32.DLL
0x76140000 - 0x7620c000 	C:\Windows\system32\MSCTF.dll
0x78720000 - 0x787de000 	D:\Program Files\Java\jre7\bin\msvcr100.dll
0x6e2a0000 - 0x6e5ec000 	D:\Program Files\Java\jre7\bin\client\jvm.dll
0x71850000 - 0x71857000 	C:\Windows\system32\WSOCK32.dll
0x77730000 - 0x77765000 	C:\Windows\system32\WS2_32.dll
0x75d50000 - 0x75d56000 	C:\Windows\system32\NSI.dll
0x73e30000 - 0x73e62000 	C:\Windows\system32\WINMM.dll
0x76010000 - 0x76015000 	C:\Windows\system32\PSAPI.DLL
0x6d220000 - 0x6d22c000 	D:\Program Files\Java\jre7\bin\verify.dll
0x683f0000 - 0x68410000 	D:\Program Files\Java\jre7\bin\java.dll
0x683d0000 - 0x683e3000 	D:\Program Files\Java\jre7\bin\zip.dll
0x6c370000 - 0x6c4b2000 	D:\Program Files\Java\jre7\bin\awt.dll
0x776a0000 - 0x7772f000 	C:\Windows\system32\OLEAUT32.dll
0x770e0000 - 0x7723c000 	C:\Windows\system32\ole32.dll
0x740c0000 - 0x740d3000 	C:\Windows\system32\DWMAPI.DLL
0x743b0000 - 0x743f0000 	C:\Windows\system32\uxtheme.dll
0x75600000 - 0x7564c000 	C:\Windows\system32\apphelp.dll
0x6fea0000 - 0x701ed000 	C:\Windows\system32\GOOGLEPINYIN2.IME
0x75860000 - 0x7597d000 	C:\Windows\system32\CRYPT32.dll
0x75740000 - 0x7574c000 	C:\Windows\system32\MSASN1.dll
0x76220000 - 0x76e6a000 	C:\Windows\system32\SHELL32.dll
0x74c60000 - 0x74c69000 	C:\Windows\system32\VERSION.dll
0x75830000 - 0x7585d000 	C:\Windows\system32\WINTRUST.dll
0x737a0000 - 0x737a5000 	C:\Windows\system32\MSIMG32.dll
0x74220000 - 0x743b0000 	C:\Windows\WinSxS\x86_microsoft.windows.gdiplus_6595b64144ccf1df_1.1.7601.17825_none_72d273598668a06b\gdiplus.dll
0x712e0000 - 0x713cb000 	C:\Windows\system32\dbghelp.dll
0x74d30000 - 0x74d47000 	C:\Windows\system32\USERENV.dll
0x756d0000 - 0x756db000 	C:\Windows\system32\profapi.dll
0x75d60000 - 0x75e7b000 	C:\Windows\system32\WININET.dll
0x76210000 - 0x76213000 	C:\Windows\system32\Normaliz.dll
0x75af0000 - 0x75ca9000 	C:\Windows\system32\iertutil.dll
0x759d0000 - 0x75ae1000 	C:\Windows\system32\urlmon.dll
0x75650000 - 0x7565c000 	C:\Windows\system32\CRYPTBASE.dll
0x67da0000 - 0x67dca000 	D:\Program Files\Java\jre7\bin\fontmanager.dll
0x67e40000 - 0x67e54000 	D:\Program Files\Java\jre7\bin\net.dll
0x75140000 - 0x7517c000 	C:\Windows\system32\mswsock.dll
0x75130000 - 0x75136000 	C:\Windows\System32\wship6.dll
0x6d230000 - 0x6d23f000 	D:\Program Files\Java\jre7\bin\nio.dll
0x67d60000 - 0x67d91000 	D:\Program Files\Java\jre7\bin\t2k.dll
0x70200000 - 0x70284000 	C:\Windows\WinSxS\x86_microsoft.windows.common-controls_6595b64144ccf1df_5.82.7601.17514_none_ec83dffa859149af\comctl32.dll
0x76ec0000 - 0x7705d000 	C:\Windows\system32\SETUPAPI.dll
0x759a0000 - 0x759c7000 	C:\Windows\system32\CFGMGR32.dll
0x75980000 - 0x75992000 	C:\Windows\system32\DEVOBJ.dll
0x76050000 - 0x760d3000 	C:\Windows\system32\CLBCatQ.DLL
0x743f0000 - 0x744e5000 	C:\Windows\system32\propsys.dll
0x72110000 - 0x72131000 	C:\Windows\system32\ntmarta.dll
0x76e70000 - 0x76eb5000 	C:\Windows\system32\WLDAP32.dll
0x63750000 - 0x638e8000 	C:\Windows\system32\NetworkExplorer.dll
0x70290000 - 0x702be000 	C:\Windows\System32\shdocvw.dll
0x73c00000 - 0x73c0a000 	C:\Windows\system32\slc.dll
0x70ba0000 - 0x70bb2000 	C:\Windows\system32\MPR.dll
0x733f0000 - 0x733f8000 	C:\Windows\System32\drprov.dll
0x74e20000 - 0x74e49000 	C:\Windows\System32\WINSTA.dll
0x73360000 - 0x73374000 	C:\Windows\System32\ntlanman.dll
0x73340000 - 0x73357000 	C:\Windows\System32\davclnt.dll
0x733e0000 - 0x733e8000 	C:\Windows\System32\DAVHLPR.dll
0x73b60000 - 0x73b6f000 	C:\Windows\system32\wkscli.dll
0x6ce70000 - 0x6ce7b000 	C:\Windows\system32\cscapi.dll
0x73b70000 - 0x73b79000 	C:\Windows\system32\netutils.dll
0x6d410000 - 0x6d499000 	C:\Windows\system32\PortableDeviceApi.dll
0x703b0000 - 0x703e1000 	C:\Windows\system32\EhStorShell.dll
0x50190000 - 0x501b2000 	C:\Windows\system32\EhStorAPI.dll
0x6fe80000 - 0x6fe89000 	C:\Windows\system32\LINKINFO.dll
0x73cf0000 - 0x73deb000 	C:\Windows\system32\WindowsCodecs.dll
0x709f0000 - 0x70a02000 	C:\Program Files\Common Files\TortoiseOverlays\TortoiseOverlays.dll
0x709e0000 - 0x709ed000 	D:\Program Files\TortoiseSVN\bin\TortoiseStub32.dll
0x70970000 - 0x709db000 	D:\Program Files\TortoiseSVN\bin\TortoiseSVN32.dll
0x70460000 - 0x70750000 	D:\Program Files\TortoiseSVN\bin\libsvn_tsvn32.dll
0x70940000 - 0x70964000 	D:\Program Files\TortoiseSVN\bin\libapr_tsvn32.dll
0x70800000 - 0x70836000 	D:\Program Files\TortoiseSVN\bin\libaprutil_tsvn32.dll
0x70870000 - 0x7087d000 	D:\Program Files\TortoiseSVN\bin\intl3_tsvn32.dll
0x707e0000 - 0x707f3000 	D:\Program Files\TortoiseSVN\bin\libsasl32.dll
0x755a0000 - 0x755a8000 	C:\Windows\system32\Secur32.dll
0x755c0000 - 0x755db000 	C:\Windows\system32\SSPICLI.DLL
0x703f0000 - 0x70459000 	C:\Windows\system32\MSVCP100.dll
0x6f480000 - 0x6f69f000 	C:\Program Files\Microsoft Office\Office12\GrooveShellExtensions.dll
0x6fb60000 - 0x6fc53000 	C:\Program Files\Microsoft Office\Office12\GrooveUtil.DLL
0x71a80000 - 0x71b1b000 	C:\Windows\WinSxS\x86_microsoft.vc80.crt_1fc8b3b9a1e18e3b_8.0.50727.6195_none_d09154e044272b9a\MSVCR80.dll
0x707d0000 - 0x707d7000 	C:\Program Files\Microsoft Office\Office12\GrooveNew.DLL
0x707b0000 - 0x707cb000 	C:\Windows\WinSxS\x86_microsoft.vc80.atl_1fc8b3b9a1e18e3b_8.0.50727.6195_none_d1cb102c435421de\ATL80.DLL
0x75180000 - 0x75196000 	C:\Windows\system32\CRYPTSP.dll
0x74f20000 - 0x74f5b000 	C:\Windows\system32\rsaenh.dll
0x6f320000 - 0x6f453000 	C:\Windows\System32\msxml3.dll

VM Arguments:
java_command: org.mozilla.javascript.tools.debugger.Main -debug -modules file:/D:/www/xlkk/jsdoc/node_modules -modules file:/D:/www/xlkk/jsdoc/rhino -modules file:/D:/www/xlkk/jsdoc/lib -modules file:/D:/www/xlkk/jsdoc D:/www/xlkk/jsdoc/jsdoc.js -r -l ../src/ -d ../doc/ --dirname=D:/www/xlkk/jsdoc/
Launcher Type: SUN_STANDARD

Environment Variables:
JAVA_HOME=D:\Progra~1\Java\jdk1.7.0_06
PATH=D:\Program Files\SenchaSDKTools-2.0.0-beta3;C:\Program Files\Common Files\NetSarang;C:\Windows\system32;C:\Windows;C:\Windows\System32\Wbem;C:\Windows\System32\WindowsPowerShell\v1.0\;D:\Program Files\TortoiseSVN\bin;D:\Program Files\php;D:\Program Files\Android\android-sdk;D:\Program Files\Java\jdk1.7.0_06;D:/Program Files/Android/android-sdk;D:\Program Files\Android\android-sdk\platform-tools;D:\Progra~1\Java\jdk1.7.0_06\bin;D:\Progra~1\Java\jdk1.7.0_06\lib;D:\Program Files\Calibre2\;D:\Program Files\nodejs
USERNAME=admin
OS=Windows_NT
PROCESSOR_IDENTIFIER=x86 Family 6 Model 42 Stepping 7, GenuineIntel



---------------  S Y S T E M  ---------------

OS: Windows 7 Build 7601 Service Pack 1

CPU:total 2 (2 cores per cpu, 1 threads per core) family 6 model 42 stepping 7, cmov, cx8, fxsr, mmx, sse, sse2, sse3, ssse3, sse4.1, sse4.2, popcnt, tsc, tscinvbit

Memory: 4k page, physical 2992544k(299592k free), swap 5983332k(2502140k free)

vm_info: Java HotSpot(TM) Client VM (23.2-b09) for windows-x86 JRE (1.7.0_06-b24), built on Aug  9 2012 23:02:07 by "java_re" with unknown MS VC++:1600

time: Mon Mar 25 16:01:56 2013
elapsed time: 53 seconds

