#
# A fatal error has been detected by the Java Runtime Environment:
#
#  EXCEPTION_ACCESS_VIOLATION (0xc0000005) at pc=0x6ff472b7, pid=1192, tid=4156
#
# JRE version: 7.0_06-b24
# Java VM: Java HotSpot(TM) Client VM (23.2-b09 mixed mode, sharing windows-x86 )
# Problematic frame:
# C  [GOOGLEPINYIN2.IME+0xa72b7]  ImeGetRegisterWordStyle+0x84647
#
# Failed to write core dump. Minidumps are not enabled by default on client versions of Windows
#
# If you would like to submit a bug report, please visit:
#   http://bugreport.sun.com/bugreport/crash.jsp
# The crash happened outside the Java Virtual Machine in native code.
# See problematic frame for where to report the bug.
#

---------------  T H R E A D  ---------------

Current thread (0x0421b000):  JavaThread "AWT-Windows" daemon [_thread_in_native, id=4156, stack(0x044a0000,0x044f0000)]

siginfo: ExceptionCode=0xc0000005, reading address 0x00000004

Registers:
EAX=0x046cdd38, EBX=0x046b4728, ECX=0x00000000, EDX=0x00000002
ESP=0x044ef468, EBP=0x044ef4a0, ESI=0x046cdd38, EDI=0x00000002
EIP=0x6ff472b7, EFLAGS=0x00010246

Top of Stack: (sp=0x044ef468)
0x044ef468:   00000001 6ff44aba 00140aaa 046cdd38
0x044ef478:   00000111 00000002 00140aaa 6ff45062
0x044ef488:   046cdd38 044ef4a0 044ef51c 00000111
0x044ef498:   044ef4cc 00000000 00000000 75ebc4e7
0x044ef4a8:   00140aaa 00000111 00000002 00140aaa
0x044ef4b8:   00000111 dcbaabcd 00000000 044ef51c
0x044ef4c8:   00000111 044ef544 75ebc5e7 6ff45010
0x044ef4d8:   00140aaa 00000111 00000002 00140aaa 

Instructions: (pc=0x6ff472b7)
0x6ff47297:   d8 83 e8 01 83 c4 0c c3 83 c8 ff 83 c4 0c c3 cc
0x6ff472a7:   cc cc cc cc cc cc cc cc cc 53 8b 58 04 8b 4b 50
0x6ff472b7:   8b 49 04 56 57 52 e8 ae 9b ff ff 85 c0 74 29 8b
0x6ff472c7:   70 1c 85 f6 74 22 83 78 18 10 72 05 8b 40 04 eb 


Register to memory mapping:

EAX=0x046cdd38 is an unknown value
EBX=0x046b4728 is an unknown value
ECX=0x00000000 is an unknown value
EDX=0x00000002 is an unknown value
ESP=0x044ef468 is pointing into the stack for thread: 0x0421b000
EBP=0x044ef4a0 is pointing into the stack for thread: 0x0421b000
ESI=0x046cdd38 is an unknown value
EDI=0x00000002 is an unknown value


Stack: [0x044a0000,0x044f0000],  sp=0x044ef468,  free space=317k
Native frames: (J=compiled Java code, j=interpreted, Vv=VM code, C=native code)
C  [GOOGLEPINYIN2.IME+0xa72b7]  ImeGetRegisterWordStyle+0x84647

Java frames: (J=compiled Java code, j=interpreted, Vv=VM code)
j  sun.awt.windows.WToolkit.eventLoop()V+0
j  sun.awt.windows.WToolkit.run()V+49
j  java.lang.Thread.run()V+11
v  ~StubRoutines::call_stub

---------------  P R O C E S S  ---------------

Java Threads: ( => current thread )
  0x051c5000 JavaThread "Thread-0" daemon [_thread_in_native, id=2064, stack(0x0b2a0000,0x0b2f0000)]
  0x051c4000 JavaThread "DestroyJavaVM" [_thread_blocked, id=7412, stack(0x019b0000,0x01a00000)]
  0x04fccc00 JavaThread "TimerQueue" daemon [_thread_blocked, id=6884, stack(0x0b0f0000,0x0b140000)]
  0x04231800 JavaThread "AWT-EventQueue-0" [_thread_blocked, id=4948, stack(0x04e20000,0x04e70000)]
=>0x0421b000 JavaThread "AWT-Windows" daemon [_thread_in_native, id=4156, stack(0x044a0000,0x044f0000)]
  0x0421a800 JavaThread "AWT-Shutdown" [_thread_blocked, id=7780, stack(0x03d70000,0x03dc0000)]
  0x04218000 JavaThread "Java2D Disposer" daemon [_thread_blocked, id=6472, stack(0x03d20000,0x03d70000)]
  0x01b94400 JavaThread "Service Thread" daemon [_thread_blocked, id=5408, stack(0x04120000,0x04170000)]
  0x01b8e800 JavaThread "C1 CompilerThread0" daemon [_thread_blocked, id=6920, stack(0x03e30000,0x03e80000)]
  0x01b8d400 JavaThread "Attach Listener" daemon [_thread_blocked, id=7916, stack(0x03f80000,0x03fd0000)]
  0x01b8a400 JavaThread "Signal Dispatcher" daemon [_thread_blocked, id=4596, stack(0x03ef0000,0x03f40000)]
  0x01b69400 JavaThread "Finalizer" daemon [_thread_blocked, id=6820, stack(0x03cd0000,0x03d20000)]
  0x01b64800 JavaThread "Reference Handler" daemon [_thread_blocked, id=8076, stack(0x03ea0000,0x03ef0000)]

Other Threads:
  0x01b62c00 VMThread [stack: 0x03dd0000,0x03e20000] [id=1128]
  0x04188800 WatcherThread [stack: 0x040b0000,0x04100000] [id=6788]

VM state:not at safepoint (normal execution)

VM Mutex/Monitor currently owned by a thread: None

Heap
 def new generation   total 25920K, used 20095K [0x236f0000, 0x25300000, 0x28c40000)
  eden space 23104K,  86% used [0x236f0000, 0x24a8ffd0, 0x24d80000)
  from space 2816K,   0% used [0x24d80000, 0x24d80000, 0x25040000)
  to   space 2816K,   0% used [0x25040000, 0x25040000, 0x25300000)
 tenured generation   total 57428K, used 34456K [0x28c40000, 0x2c455000, 0x336f0000)
   the space 57428K,  59% used [0x28c40000, 0x2ade6118, 0x2ade6200, 0x2c455000)
 compacting perm gen  total 12288K, used 4725K [0x336f0000, 0x342f0000, 0x376f0000)
   the space 12288K,  38% used [0x336f0000, 0x33b8d450, 0x33b8d600, 0x342f0000)
    ro space 10240K,  42% used [0x376f0000, 0x37b2f4a0, 0x37b2f600, 0x380f0000)
    rw space 12288K,  54% used [0x380f0000, 0x3876fc80, 0x3876fe00, 0x38cf0000)

Card table byte_map: [0x03bc0000,0x03c70000] byte_map_base: 0x03aa4880

Polling page: 0x001b0000

Code Cache  [0x01bc0000, 0x01fb0000, 0x03bc0000)
 total_blobs=1881 nmethods=1639 adapters=175 free_code_cache=28747Kb largest_free_block=29437056

Compilation events (10 events):
Event: 24.780 Thread 0x01b8e800 1621   !         java.awt.EventQueue::setCurrentEventAndMostRecentTimeImpl (169 bytes)
Event: 24.781 Thread 0x01b8e800 nmethod 1621 0x01fabf08 code [0x01fac070, 0x01fac42c]
Event: 25.532 Thread 0x01b8e800 1622             sun.awt.SunToolkit::targetToAppContext (36 bytes)
Event: 25.533 Thread 0x01b8e800 nmethod 1622 0x01fac748 code [0x01fac870, 0x01fac9d4]
Event: 25.533 Thread 0x01b8e800 1623             sun.awt.SunToolkit::getAppContext (42 bytes)
Event: 25.533 Thread 0x01b8e800 nmethod 1623 0x01facb08 code [0x01facc50, 0x01face54]
Event: 25.612 Thread 0x01b8e800 1624             java.awt.event.InputEvent::getModifiers (8 bytes)
Event: 25.613 Thread 0x01b8e800 nmethod 1624 0x01facfc8 code [0x01fad0c0, 0x01fad140]
Event: 26.276 Thread 0x01b8e800 1625             java.util.concurrent.locks.ReentrantLock$NonfairSync::tryAcquire (6 bytes)
Event: 26.276 Thread 0x01b8e800 nmethod 1625 0x01fad188 code [0x01fad280, 0x01fad30c]

GC Heap History (10 events):
Event: 16.116 GC heap before
{Heap before GC invocations=27 (full 3):
 def new generation   total 20736K, used 20736K [0x236f0000, 0x24d70000, 0x28c40000)
  eden space 18432K, 100% used [0x236f0000, 0x248f0000, 0x248f0000)
  from space 2304K, 100% used [0x248f0000, 0x24b30000, 0x24b30000)
  to   space 2304K,   0% used [0x24b30000, 0x24b30000, 0x24d70000)
 tenured generation   total 45992K, used 35996K [0x28c40000, 0x2b92a000, 0x336f0000)
   the space 45992K,  78% used [0x28c40000, 0x2af67380, 0x2af67400, 0x2b92a000)
 compacting perm gen  total 12288K, used 4679K [0x336f0000, 0x342f0000, 0x376f0000)
   the space 12288K,  38% used [0x336f0000, 0x33b81f98, 0x33b82000, 0x342f0000)
    ro space 10240K,  42% used [0x376f0000, 0x37b2f4a0, 0x37b2f600, 0x380f0000)
    rw space 12288K,  54% used [0x380f0000, 0x3876fc80, 0x3876fe00, 0x38cf0000)
Event: 16.127 GC heap after
Heap after GC invocations=28 (full 3):
 def new generation   total 20736K, used 2303K [0x236f0000, 0x24d70000, 0x28c40000)
  eden space 18432K,   0% used [0x236f0000, 0x236f0000, 0x248f0000)
  from space 2304K,  99% used [0x24b30000, 0x24d6fff0, 0x24d70000)
  to   space 2304K,   0% used [0x248f0000, 0x248f0000, 0x24b30000)
 tenured generation   total 45992K, used 39345K [0x28c40000, 0x2b92a000, 0x336f0000)
   the space 45992K,  85% used [0x28c40000, 0x2b2ac560, 0x2b2ac600, 0x2b92a000)
 compacting perm gen  total 12288K, used 4679K [0x336f0000, 0x342f0000, 0x376f0000)
   the space 12288K,  38% used [0x336f0000, 0x33b81f98, 0x33b82000, 0x342f0000)
    ro space 10240K,  42% used [0x376f0000, 0x37b2f4a0, 0x37b2f600, 0x380f0000)
    rw space 12288K,  54% used [0x380f0000, 0x3876fc80, 0x3876fe00, 0x38cf0000)
}
Event: 16.272 GC heap before
{Heap before GC invocations=28 (full 3):
 def new generation   total 20736K, used 20735K [0x236f0000, 0x24d70000, 0x28c40000)
  eden space 18432K, 100% used [0x236f0000, 0x248f0000, 0x248f0000)
  from space 2304K,  99% used [0x24b30000, 0x24d6fff0, 0x24d70000)
  to   space 2304K,   0% used [0x248f0000, 0x248f0000, 0x24b30000)
 tenured generation   total 45992K, used 39345K [0x28c40000, 0x2b92a000, 0x336f0000)
   the space 45992K,  85% used [0x28c40000, 0x2b2ac560, 0x2b2ac600, 0x2b92a000)
 compacting perm gen  total 12288K, used 4679K [0x336f0000, 0x342f0000, 0x376f0000)
   the space 12288K,  38% used [0x336f0000, 0x33b81fa8, 0x33b82000, 0x342f0000)
    ro space 10240K,  42% used [0x376f0000, 0x37b2f4a0, 0x37b2f600, 0x380f0000)
    rw space 12288K,  54% used [0x380f0000, 0x3876fc80, 0x3876fe00, 0x38cf0000)
Event: 16.280 GC heap after
Heap after GC invocations=29 (full 3):
 def new generation   total 20736K, used 319K [0x236f0000, 0x24d70000, 0x28c40000)
  eden space 18432K,   0% used [0x236f0000, 0x236f0000, 0x248f0000)
  from space 2304K,  13% used [0x248f0000, 0x2493ffb8, 0x24b30000)
  to   space 2304K,   0% used [0x24b30000, 0x24b30000, 0x24d70000)
 tenured generation   total 45992K, used 41642K [0x28c40000, 0x2b92a000, 0x336f0000)
   the space 45992K,  90% used [0x28c40000, 0x2b4eaae0, 0x2b4eac00, 0x2b92a000)
 compacting perm gen  total 12288K, used 4679K [0x336f0000, 0x342f0000, 0x376f0000)
   the space 12288K,  38% used [0x336f0000, 0x33b81fa8, 0x33b82000, 0x342f0000)
    ro space 10240K,  42% used [0x376f0000, 0x37b2f4a0, 0x37b2f600, 0x380f0000)
    rw space 12288K,  54% used [0x380f0000, 0x3876fc80, 0x3876fe00, 0x38cf0000)
}
Event: 16.405 GC heap before
{Heap before GC invocations=29 (full 3):
 def new generation   total 20736K, used 18683K [0x236f0000, 0x24d70000, 0x28c40000)
  eden space 18432K,  99% used [0x236f0000, 0x248ded50, 0x248f0000)
  from space 2304K,  13% used [0x248f0000, 0x2493ffb8, 0x24b30000)
  to   space 2304K,   0% used [0x24b30000, 0x24b30000, 0x24d70000)
 tenured generation   total 45992K, used 41642K [0x28c40000, 0x2b92a000, 0x336f0000)
   the space 45992K,  90% used [0x28c40000, 0x2b4eaae0, 0x2b4eac00, 0x2b92a000)
 compacting perm gen  total 12288K, used 4705K [0x336f0000, 0x342f0000, 0x376f0000)
   the space 12288K,  38% used [0x336f0000, 0x33b88478, 0x33b88600, 0x342f0000)
    ro space 10240K,  42% used [0x376f0000, 0x37b2f4a0, 0x37b2f600, 0x380f0000)
    rw space 12288K,  54% used [0x380f0000, 0x3876fc80, 0x3876fe00, 0x38cf0000)
Event: 16.407 GC heap after
Heap after GC invocations=30 (full 3):
 def new generation   total 20736K, used 925K [0x236f0000, 0x24d70000, 0x28c40000)
  eden space 18432K,   0% used [0x236f0000, 0x236f0000, 0x248f0000)
  from space 2304K,  40% used [0x24b30000, 0x24c17520, 0x24d70000)
  to   space 2304K,   0% used [0x248f0000, 0x248f0000, 0x24b30000)
 tenured generation   total 45992K, used 41642K [0x28c40000, 0x2b92a000, 0x336f0000)
   the space 45992K,  90% used [0x28c40000, 0x2b4eaae0, 0x2b4eac00, 0x2b92a000)
 compacting perm gen  total 12288K, used 4705K [0x336f0000, 0x342f0000, 0x376f0000)
   the space 12288K,  38% used [0x336f0000, 0x33b88478, 0x33b88600, 0x342f0000)
    ro space 10240K,  42% used [0x376f0000, 0x37b2f4a0, 0x37b2f600, 0x380f0000)
    rw space 12288K,  54% used [0x380f0000, 0x3876fc80, 0x3876fe00, 0x38cf0000)
}
Event: 16.476 GC heap before
{Heap before GC invocations=30 (full 3):
 def new generation   total 20736K, used 19357K [0x236f0000, 0x24d70000, 0x28c40000)
  eden space 18432K, 100% used [0x236f0000, 0x248f0000, 0x248f0000)
  from space 2304K,  40% used [0x24b30000, 0x24c17520, 0x24d70000)
  to   space 2304K,   0% used [0x248f0000, 0x248f0000, 0x24b30000)
 tenured generation   total 45992K, used 41642K [0x28c40000, 0x2b92a000, 0x336f0000)
   the space 45992K,  90% used [0x28c40000, 0x2b4eaae0, 0x2b4eac00, 0x2b92a000)
 compacting perm gen  total 12288K, used 4723K [0x336f0000, 0x342f0000, 0x376f0000)
   the space 12288K,  38% used [0x336f0000, 0x33b8cdb8, 0x33b8ce00, 0x342f0000)
    ro space 10240K,  42% used [0x376f0000, 0x37b2f4a0, 0x37b2f600, 0x380f0000)
    rw space 12288K,  54% used [0x380f0000, 0x3876fc80, 0x3876fe00, 0x38cf0000)
Event: 16.485 GC heap after
Heap after GC invocations=31 (full 3):
 def new generation   total 20736K, used 2304K [0x236f0000, 0x24d70000, 0x28c40000)
  eden space 18432K,   0% used [0x236f0000, 0x236f0000, 0x248f0000)
  from space 2304K, 100% used [0x248f0000, 0x24b30000, 0x24b30000)
  to   space 2304K,   0% used [0x24b30000, 0x24b30000, 0x24d70000)
 tenured generation   total 45992K, used 44471K [0x28c40000, 0x2b92a000, 0x336f0000)
   the space 45992K,  96% used [0x28c40000, 0x2b7adf38, 0x2b7ae000, 0x2b92a000)
 compacting perm gen  total 12288K, used 4723K [0x336f0000, 0x342f0000, 0x376f0000)
   the space 12288K,  38% used [0x336f0000, 0x33b8cdb8, 0x33b8ce00, 0x342f0000)
    ro space 10240K,  42% used [0x376f0000, 0x37b2f4a0, 0x37b2f600, 0x380f0000)
    rw space 12288K,  54% used [0x380f0000, 0x3876fc80, 0x3876fe00, 0x38cf0000)
}
Event: 16.789 GC heap before
{Heap before GC invocations=31 (full 3):
 def new generation   total 20736K, used 20736K [0x236f0000, 0x24d70000, 0x28c40000)
  eden space 18432K, 100% used [0x236f0000, 0x248f0000, 0x248f0000)
  from space 2304K, 100% used [0x248f0000, 0x24b30000, 0x24b30000)
  to   space 2304K,   0% used [0x24b30000, 0x24b30000, 0x24d70000)
 tenured generation   total 45992K, used 44471K [0x28c40000, 0x2b92a000, 0x336f0000)
   the space 45992K,  96% used [0x28c40000, 0x2b7adf38, 0x2b7ae000, 0x2b92a000)
 compacting perm gen  total 12288K, used 4729K [0x336f0000, 0x342f0000, 0x376f0000)
   the space 12288K,  38% used [0x336f0000, 0x33b8e738, 0x33b8e800, 0x342f0000)
    ro space 10240K,  42% used [0x376f0000, 0x37b2f4a0, 0x37b2f600, 0x380f0000)
    rw space 12288K,  54% used [0x380f0000, 0x3876fc80, 0x3876fe00, 0x38cf0000)
Event: 16.865 GC heap after
Heap after GC invocations=32 (full 4):
 def new generation   total 25920K, used 0K [0x236f0000, 0x25300000, 0x28c40000)
  eden space 23104K,   0% used [0x236f0000, 0x236f0000, 0x24d80000)
  from space 2816K,   0% used [0x24d80000, 0x24d80000, 0x25040000)
  to   space 2816K,   0% used [0x25040000, 0x25040000, 0x25300000)
 tenured generation   total 57428K, used 34456K [0x28c40000, 0x2c455000, 0x336f0000)
   the space 57428K,  59% used [0x28c40000, 0x2ade6118, 0x2ade6200, 0x2c455000)
 compacting perm gen  total 12288K, used 4723K [0x336f0000, 0x342f0000, 0x376f0000)
   the space 12288K,  38% used [0x336f0000, 0x33b8cf20, 0x33b8d000, 0x342f0000)
    ro space 10240K,  42% used [0x376f0000, 0x37b2f4a0, 0x37b2f600, 0x380f0000)
    rw space 12288K,  54% used [0x380f0000, 0x3876fc80, 0x3876fe00, 0x38cf0000)
}

Deoptimization events (0 events):
No events

Internal exceptions (10 events):
Event: 16.498 Thread 0x0015b400 Threw 0x238d4d40 at C:\jdk7u2_32P\jdk7u6\hotspot\src\share\vm\prims\jvm.cpp:1166
Event: 16.499 Thread 0x0015b400 Threw 0x238e9798 at C:\jdk7u2_32P\jdk7u6\hotspot\src\share\vm\prims\jvm.cpp:1166
Event: 16.499 Thread 0x0015b400 Threw 0x238e9c78 at C:\jdk7u2_32P\jdk7u6\hotspot\src\share\vm\prims\jvm.cpp:1166
Event: 16.499 Thread 0x0015b400 Threw 0x238ea818 at C:\jdk7u2_32P\jdk7u6\hotspot\src\share\vm\prims\jvm.cpp:1166
Event: 16.499 Thread 0x0015b400 Threw 0x238ead18 at C:\jdk7u2_32P\jdk7u6\hotspot\src\share\vm\prims\jvm.cpp:1166
Event: 16.499 Thread 0x0015b400 Threw 0x238eb960 at C:\jdk7u2_32P\jdk7u6\hotspot\src\share\vm\prims\jvm.cpp:1166
Event: 16.499 Thread 0x0015b400 Threw 0x238ebe78 at C:\jdk7u2_32P\jdk7u6\hotspot\src\share\vm\prims\jvm.cpp:1166
Event: 16.499 Thread 0x0015b400 Threw 0x238ecaa8 at C:\jdk7u2_32P\jdk7u6\hotspot\src\share\vm\prims\jvm.cpp:1166
Event: 16.499 Thread 0x0015b400 Threw 0x238ecfd8 at C:\jdk7u2_32P\jdk7u6\hotspot\src\share\vm\prims\jvm.cpp:1166
Event: 16.501 Thread 0x0015b400 Threw 0x238f3320 at C:\jdk7u2_32P\jdk7u6\hotspot\src\share\vm\prims\jvm.cpp:1166

Events (10 events):
Event: 16.789 Executing VM operation: GenCollectForAllocation
Event: 16.865 Executing VM operation: GenCollectForAllocation done
Event: 26.800 Thread 0x051c4800 Thread added: 0x051c4800
Event: 26.800 Thread 0x051c5000 Thread added: 0x051c5000
Event: 26.800 Thread 0x051c5400 Thread added: 0x051c5400
Event: 26.802 loading class 0x04f58f98
Event: 26.802 loading class 0x04f58f98 done
Event: 26.802 Thread 0x051c4800 Thread exited: 0x051c4800
Event: 26.802 Thread 0x051c5400 Thread exited: 0x051c5400
Event: 26.803 Thread 0x04f61c00 Thread exited: 0x04f61c00


Dynamic libraries:
0x012a0000 - 0x012cf000 	C:\Windows\system32\java.exe
0x77540000 - 0x7767c000 	C:\Windows\SYSTEM32\ntdll.dll
0x77460000 - 0x77534000 	C:\Windows\system32\kernel32.dll
0x757e0000 - 0x7582b000 	C:\Windows\system32\KERNELBASE.dll
0x75cb0000 - 0x75d50000 	C:\Windows\system32\ADVAPI32.dll
0x77250000 - 0x772fc000 	C:\Windows\system32\msvcrt.dll
0x75e80000 - 0x75e99000 	C:\Windows\SYSTEM32\sechost.dll
0x77300000 - 0x773a1000 	C:\Windows\system32\RPCRT4.dll
0x75ea0000 - 0x75f69000 	C:\Windows\system32\USER32.dll
0x773b0000 - 0x773fe000 	C:\Windows\system32\GDI32.dll
0x77240000 - 0x7724a000 	C:\Windows\system32\LPK.dll
0x75f70000 - 0x7600d000 	C:\Windows\system32\USP10.dll
0x74530000 - 0x746ce000 	C:\Windows\WinSxS\x86_microsoft.windows.common-controls_6595b64144ccf1df_6.0.7601.17514_none_41e6975e2bd6f2b2\COMCTL32.dll
0x77400000 - 0x77457000 	C:\Windows\system32\SHLWAPI.dll
0x77680000 - 0x7769f000 	C:\Windows\system32\IMM32.DLL
0x76140000 - 0x7620c000 	C:\Windows\system32\MSCTF.dll
0x77bf0000 - 0x77cae000 	D:\Program Files\Java\jre7\bin\msvcr100.dll
0x6df80000 - 0x6e2cc000 	D:\Program Files\Java\jre7\bin\client\jvm.dll
0x71850000 - 0x71857000 	C:\Windows\system32\WSOCK32.dll
0x77730000 - 0x77765000 	C:\Windows\system32\WS2_32.dll
0x75d50000 - 0x75d56000 	C:\Windows\system32\NSI.dll
0x73e30000 - 0x73e62000 	C:\Windows\system32\WINMM.dll
0x76010000 - 0x76015000 	C:\Windows\system32\PSAPI.DLL
0x6d230000 - 0x6d23c000 	D:\Program Files\Java\jre7\bin\verify.dll
0x50580000 - 0x505a0000 	D:\Program Files\Java\jre7\bin\java.dll
0x50560000 - 0x50573000 	D:\Program Files\Java\jre7\bin\zip.dll
0x6c6d0000 - 0x6c812000 	D:\Program Files\Java\jre7\bin\awt.dll
0x776a0000 - 0x7772f000 	C:\Windows\system32\OLEAUT32.dll
0x770e0000 - 0x7723c000 	C:\Windows\system32\ole32.dll
0x740c0000 - 0x740d3000 	C:\Windows\system32\DWMAPI.DLL
0x743b0000 - 0x743f0000 	C:\Windows\system32\uxtheme.dll
0x75600000 - 0x7564c000 	C:\Windows\system32\apphelp.dll
0x6fea0000 - 0x701ed000 	C:\Windows\system32\GOOGLEPINYIN2.IME
0x75860000 - 0x7597d000 	C:\Windows\system32\CRYPT32.dll
0x75740000 - 0x7574c000 	C:\Windows\system32\MSASN1.dll
0x76220000 - 0x76e6a000 	C:\Windows\system32\SHELL32.dll
0x74c60000 - 0x74c69000 	C:\Windows\system32\VERSION.dll
0x75830000 - 0x7585d000 	C:\Windows\system32\WINTRUST.dll
0x737a0000 - 0x737a5000 	C:\Windows\system32\MSIMG32.dll
0x74220000 - 0x743b0000 	C:\Windows\WinSxS\x86_microsoft.windows.gdiplus_6595b64144ccf1df_1.1.7601.17825_none_72d273598668a06b\gdiplus.dll
0x712e0000 - 0x713cb000 	C:\Windows\system32\dbghelp.dll
0x74d30000 - 0x74d47000 	C:\Windows\system32\USERENV.dll
0x756d0000 - 0x756db000 	C:\Windows\system32\profapi.dll
0x75d60000 - 0x75e7b000 	C:\Windows\system32\WININET.dll
0x76210000 - 0x76213000 	C:\Windows\system32\Normaliz.dll
0x75af0000 - 0x75ca9000 	C:\Windows\system32\iertutil.dll
0x759d0000 - 0x75ae1000 	C:\Windows\system32\urlmon.dll
0x75650000 - 0x7565c000 	C:\Windows\system32\CRYPTBASE.dll
0x504f0000 - 0x5051a000 	D:\Program Files\Java\jre7\bin\fontmanager.dll
0x50170000 - 0x50184000 	D:\Program Files\Java\jre7\bin\net.dll
0x75140000 - 0x7517c000 	C:\Windows\system32\mswsock.dll
0x75130000 - 0x75136000 	C:\Windows\System32\wship6.dll
0x6ac70000 - 0x6ac7f000 	D:\Program Files\Java\jre7\bin\nio.dll
0x50000000 - 0x50031000 	D:\Program Files\Java\jre7\bin\t2k.dll
0x70200000 - 0x70284000 	C:\Windows\WinSxS\x86_microsoft.windows.common-controls_6595b64144ccf1df_5.82.7601.17514_none_ec83dffa859149af\comctl32.dll
0x76ec0000 - 0x7705d000 	C:\Windows\system32\SETUPAPI.dll
0x759a0000 - 0x759c7000 	C:\Windows\system32\CFGMGR32.dll
0x75980000 - 0x75992000 	C:\Windows\system32\DEVOBJ.dll
0x76050000 - 0x760d3000 	C:\Windows\system32\CLBCatQ.DLL
0x743f0000 - 0x744e5000 	C:\Windows\system32\propsys.dll
0x72110000 - 0x72131000 	C:\Windows\system32\ntmarta.dll
0x76e70000 - 0x76eb5000 	C:\Windows\system32\WLDAP32.dll
0x63750000 - 0x638e8000 	C:\Windows\system32\NetworkExplorer.dll
0x70290000 - 0x702be000 	C:\Windows\System32\shdocvw.dll
0x73c00000 - 0x73c0a000 	C:\Windows\system32\slc.dll
0x70ba0000 - 0x70bb2000 	C:\Windows\system32\MPR.dll
0x733f0000 - 0x733f8000 	C:\Windows\System32\drprov.dll
0x74e20000 - 0x74e49000 	C:\Windows\System32\WINSTA.dll
0x73360000 - 0x73374000 	C:\Windows\System32\ntlanman.dll
0x73340000 - 0x73357000 	C:\Windows\System32\davclnt.dll
0x733e0000 - 0x733e8000 	C:\Windows\System32\DAVHLPR.dll
0x73b60000 - 0x73b6f000 	C:\Windows\system32\wkscli.dll
0x6ce70000 - 0x6ce7b000 	C:\Windows\system32\cscapi.dll
0x73b70000 - 0x73b79000 	C:\Windows\system32\netutils.dll
0x6d410000 - 0x6d499000 	C:\Windows\system32\PortableDeviceApi.dll
0x73bb0000 - 0x73bdb000 	C:\Windows\system32\PortableDeviceTypes.dll
0x703b0000 - 0x703e1000 	C:\Windows\system32\EhStorShell.dll
0x50190000 - 0x501b2000 	C:\Windows\system32\EhStorAPI.dll
0x6fe80000 - 0x6fe89000 	C:\Windows\system32\LINKINFO.dll
0x73cf0000 - 0x73deb000 	C:\Windows\system32\WindowsCodecs.dll
0x709f0000 - 0x70a02000 	C:\Program Files\Common Files\TortoiseOverlays\TortoiseOverlays.dll
0x709e0000 - 0x709ed000 	D:\Program Files\TortoiseSVN\bin\TortoiseStub32.dll
0x70970000 - 0x709db000 	D:\Program Files\TortoiseSVN\bin\TortoiseSVN32.dll
0x70460000 - 0x70750000 	D:\Program Files\TortoiseSVN\bin\libsvn_tsvn32.dll
0x70940000 - 0x70964000 	D:\Program Files\TortoiseSVN\bin\libapr_tsvn32.dll
0x70800000 - 0x70836000 	D:\Program Files\TortoiseSVN\bin\libaprutil_tsvn32.dll
0x70870000 - 0x7087d000 	D:\Program Files\TortoiseSVN\bin\intl3_tsvn32.dll
0x707e0000 - 0x707f3000 	D:\Program Files\TortoiseSVN\bin\libsasl32.dll
0x755a0000 - 0x755a8000 	C:\Windows\system32\Secur32.dll
0x755c0000 - 0x755db000 	C:\Windows\system32\SSPICLI.DLL
0x703f0000 - 0x70459000 	C:\Windows\system32\MSVCP100.dll
0x6f480000 - 0x6f69f000 	C:\Program Files\Microsoft Office\Office12\GrooveShellExtensions.dll
0x6fb60000 - 0x6fc53000 	C:\Program Files\Microsoft Office\Office12\GrooveUtil.DLL
0x71a80000 - 0x71b1b000 	C:\Windows\WinSxS\x86_microsoft.vc80.crt_1fc8b3b9a1e18e3b_8.0.50727.6195_none_d09154e044272b9a\MSVCR80.dll
0x707d0000 - 0x707d7000 	C:\Program Files\Microsoft Office\Office12\GrooveNew.DLL
0x707b0000 - 0x707cb000 	C:\Windows\WinSxS\x86_microsoft.vc80.atl_1fc8b3b9a1e18e3b_8.0.50727.6195_none_d1cb102c435421de\ATL80.DLL
0x75180000 - 0x75196000 	C:\Windows\system32\CRYPTSP.dll
0x74f20000 - 0x74f5b000 	C:\Windows\system32\rsaenh.dll
0x6f320000 - 0x6f453000 	C:\Windows\System32\msxml3.dll

VM Arguments:
java_command: org.mozilla.javascript.tools.debugger.Main -debug -modules file:/D:/www/xlkk/jsdoc/node_modules -modules file:/D:/www/xlkk/jsdoc/rhino -modules file:/D:/www/xlkk/jsdoc/lib -modules file:/D:/www/xlkk/jsdoc D:/www/xlkk/jsdoc/jsdoc.js ../src/ -d ../doc/ --dirname=D:/www/xlkk/jsdoc/
Launcher Type: SUN_STANDARD

Environment Variables:
JAVA_HOME=D:\Progra~1\Java\jdk1.7.0_06
PATH=D:\Program Files\SenchaSDKTools-2.0.0-beta3;C:\Program Files\Common Files\NetSarang;C:\Windows\system32;C:\Windows;C:\Windows\System32\Wbem;C:\Windows\System32\WindowsPowerShell\v1.0\;D:\Program Files\TortoiseSVN\bin;D:\Program Files\php;D:\Program Files\Android\android-sdk;D:\Program Files\Java\jdk1.7.0_06;D:/Program Files/Android/android-sdk;D:\Program Files\Android\android-sdk\platform-tools;D:\Progra~1\Java\jdk1.7.0_06\bin;D:\Progra~1\Java\jdk1.7.0_06\lib;D:\Program Files\Calibre2\;D:\Program Files\nodejs
USERNAME=admin
OS=Windows_NT
PROCESSOR_IDENTIFIER=x86 Family 6 Model 42 Stepping 7, GenuineIntel



---------------  S Y S T E M  ---------------

OS: Windows 7 Build 7601 Service Pack 1

CPU:total 2 (2 cores per cpu, 1 threads per core) family 6 model 42 stepping 7, cmov, cx8, fxsr, mmx, sse, sse2, sse3, ssse3, sse4.1, sse4.2, popcnt, tsc, tscinvbit

Memory: 4k page, physical 2992544k(272044k free), swap 5983332k(2461676k free)

vm_info: Java HotSpot(TM) Client VM (23.2-b09) for windows-x86 JRE (1.7.0_06-b24), built on Aug  9 2012 23:02:07 by "java_re" with unknown MS VC++:1600

time: Mon Mar 25 15:51:08 2013
elapsed time: 26 seconds

